08/17/2020 11:11:24 PM [INFO] Success, it's work!
08/17/2020 11:11:29 PM [INFO] Success, it's work!
08/17/2020 11:11:34 PM [INFO] Success, it's work!
08/17/2020 11:11:39 PM [INFO] Success, it's work!
08/17/2020 11:11:44 PM [INFO] Success, it's work!
08/17/2020 11:11:49 PM [INFO] Success, it's work!
08/17/2020 11:11:54 PM [INFO] Success, it's work!
08/17/2020 11:11:59 PM [INFO] Success, it's work!
08/17/2020 11:12:04 PM [INFO] Success, it's work!
08/17/2020 11:12:10 PM [INFO] Success, it's work!
08/17/2020 11:12:15 PM [INFO] Success, it's work!
08/17/2020 11:12:15 PM [INFO] POST Request: https://api.twilio.com/2010-04-01/Accounts/AC2f77e2b48b402372181d8151a407c6f7/Messages.json
08/17/2020 11:12:15 PM [INFO] PAYLOAD: {'To': '+79104551901', 'From': '+12512502812', 'Body': '318090 сейчас онлайн!'}
08/17/2020 11:12:16 PM [INFO] POST Response: 201 {"sid": "SMfd8c381d2e784f94bbdd90aa5bd04098", "date_created": "Mon, 17 Aug 2020 20:12:13 +0000", "date_updated": "Mon, 17 Aug 2020 20:12:13 +0000", "date_sent": null, "account_sid": "AC2f77e2b48b402372181d8151a407c6f7", "to": "+79104551901", "from": "+12512502812", "messaging_service_sid": null, "body": "Sent from your Twilio trial account - 318090 \u0441\u0435\u0439\u0447\u0430\u0441 \u043e\u043d\u043b\u0430\u0439\u043d!", "status": "queued", "num_segments": "1", "num_media": "0", "direction": "outbound-api", "api_version": "2010-04-01", "price": null, "price_unit": "USD", "error_code": null, "error_message": null, "uri": "/2010-04-01/Accounts/AC2f77e2b48b402372181d8151a407c6f7/Messages/SMfd8c381d2e784f94bbdd90aa5bd04098.json", "subresource_uris": {"media": "/2010-04-01/Accounts/AC2f77e2b48b402372181d8151a407c6f7/Messages/SMfd8c381d2e784f94bbdd90aa5bd04098/Media.json"}}
08/17/2020 11:16:36 PM [ERROR] -Error occurred-
08/17/2020 11:16:41 PM [ERROR] -Error occurred-
08/17/2020 11:16:46 PM [ERROR] -Error occurred-
08/17/2020 11:16:51 PM [ERROR] -Error occurred-
08/17/2020 11:16:56 PM [ERROR] -Error occurred-
08/17/2020 11:17:01 PM [ERROR] -Error occurred-
08/17/2020 11:17:06 PM [ERROR] -Error occurred-
08/17/2020 11:17:12 PM [ERROR] -Error occurred-
08/17/2020 11:17:17 PM [ERROR] -Error occurred-
08/17/2020 11:17:22 PM [ERROR] -Error occurred-
08/17/2020 11:17:27 PM [ERROR] -Error occurred-
08/17/2020 11:17:32 PM [ERROR] -Error occurred-
08/17/2020 11:17:37 PM [ERROR] -Error occurred-
08/17/2020 11:17:42 PM [ERROR] -Error occurred-
08/17/2020 11:17:48 PM [ERROR] -Error occurred-
08/17/2020 11:17:53 PM [ERROR] -Error occurred-
08/17/2020 11:17:58 PM [ERROR] -Error occurred-
08/17/2020 11:18:03 PM [ERROR] -Error occurred-
08/17/2020 11:18:08 PM [ERROR] -Error occurred-
08/17/2020 11:18:13 PM [ERROR] -Error occurred-
08/17/2020 11:18:18 PM [ERROR] -Error occurred-
08/17/2020 11:18:23 PM [ERROR] -Error occurred-
08/17/2020 11:18:29 PM [ERROR] -Error occurred-
08/17/2020 11:18:34 PM [ERROR] -Error occurred-
08/17/2020 11:18:39 PM [ERROR] -Error occurred-
08/17/2020 11:18:44 PM [ERROR] -Error occurred-
08/17/2020 11:19:16 PM [ERROR] 'response'
08/17/2020 11:19:21 PM [ERROR] 'response'
08/17/2020 11:19:26 PM [ERROR] 'response'
08/17/2020 11:19:31 PM [ERROR] 'response'
08/17/2020 11:19:36 PM [ERROR] 'response'
08/17/2020 11:19:57 PM [ERROR] Expecting value: line 1 column 1 (char 0)
08/17/2020 11:20:02 PM [ERROR] Expecting value: line 1 column 1 (char 0)
08/17/2020 11:20:07 PM [ERROR] Expecting value: line 1 column 1 (char 0)
08/17/2020 11:20:55 PM [ERROR] Expecting value: line 1 column 1 (char 0)
08/17/2020 11:21:00 PM [ERROR] Expecting value: line 1 column 1 (char 0)
08/17/2020 11:21:05 PM [ERROR] Expecting value: line 1 column 1 (char 0)
08/17/2020 11:21:11 PM [ERROR] Expecting value: line 1 column 1 (char 0)
08/17/2020 11:21:16 PM [ERROR] Expecting value: line 1 column 1 (char 0)
08/17/2020 11:21:21 PM [ERROR] Expecting value: line 1 column 1 (char 0)
08/17/2020 11:21:26 PM [ERROR] Expecting value: line 1 column 1 (char 0)
08/17/2020 11:21:31 PM [ERROR] Expecting value: line 1 column 1 (char 0)
08/17/2020 11:21:36 PM [ERROR] Expecting value: line 1 column 1 (char 0)
08/17/2020 11:21:41 PM [ERROR] Expecting value: line 1 column 1 (char 0)
08/17/2020 11:21:46 PM [ERROR] Expecting value: line 1 column 1 (char 0)
08/17/2020 11:21:51 PM [ERROR] Expecting value: line 1 column 1 (char 0)
08/17/2020 11:21:57 PM [ERROR] Expecting value: line 1 column 1 (char 0)
08/17/2020 11:22:02 PM [ERROR] Expecting value: line 1 column 1 (char 0)
08/17/2020 11:22:54 PM [ERROR] Expecting value: line 1 column 1 (char 0)
08/17/2020 11:22:59 PM [ERROR] Expecting value: line 1 column 1 (char 0)
08/17/2020 11:23:04 PM [ERROR] Expecting value: line 1 column 1 (char 0)
08/17/2020 11:23:09 PM [ERROR] Expecting value: line 1 column 1 (char 0)
